<?xml version="1.0" encoding="UTF-8"?>
<testsuite name="com.etnetera.hr.JavaScriptFrameworkTests" tests="1" skipped="0" failures="0" errors="0" timestamp="2021-02-01T17:36:42" hostname="DESKTOP-UJ9IR7H" time="0.304">
  <properties/>
  <testcase name="findFramework" classname="com.etnetera.hr.JavaScriptFrameworkTests" time="0.304"/>
  <system-out><![CDATA[18:36:37.361 [Test worker] DEBUG org.springframework.test.context.junit4.SpringJUnit4ClassRunner - SpringJUnit4ClassRunner constructor called with [class com.etnetera.hr.JavaScriptFrameworkTests]
18:36:37.378 [Test worker] DEBUG org.springframework.test.context.BootstrapUtils - Instantiating CacheAwareContextLoaderDelegate from class [org.springframework.test.context.cache.DefaultCacheAwareContextLoaderDelegate]
18:36:37.384 [Test worker] DEBUG org.springframework.test.context.BootstrapUtils - Instantiating BootstrapContext using constructor [public org.springframework.test.context.support.DefaultBootstrapContext(java.lang.Class,org.springframework.test.context.CacheAwareContextLoaderDelegate)]
18:36:37.402 [Test worker] DEBUG org.springframework.test.context.BootstrapUtils - Instantiating TestContextBootstrapper for test class [com.etnetera.hr.JavaScriptFrameworkTests] from class [org.springframework.boot.test.context.SpringBootTestContextBootstrapper]
18:36:37.416 [Test worker] INFO org.springframework.boot.test.context.SpringBootTestContextBootstrapper - Neither @ContextConfiguration nor @ContextHierarchy found for test class [com.etnetera.hr.JavaScriptFrameworkTests], using SpringBootContextLoader
18:36:37.419 [Test worker] DEBUG org.springframework.test.context.support.AbstractContextLoader - Did not detect default resource location for test class [com.etnetera.hr.JavaScriptFrameworkTests]: class path resource [com/etnetera/hr/JavaScriptFrameworkTests-context.xml] does not exist
18:36:37.420 [Test worker] DEBUG org.springframework.test.context.support.AbstractContextLoader - Did not detect default resource location for test class [com.etnetera.hr.JavaScriptFrameworkTests]: class path resource [com/etnetera/hr/JavaScriptFrameworkTestsContext.groovy] does not exist
18:36:37.421 [Test worker] INFO org.springframework.test.context.support.AbstractContextLoader - Could not detect default resource locations for test class [com.etnetera.hr.JavaScriptFrameworkTests]: no resource found for suffixes {-context.xml, Context.groovy}.
18:36:37.422 [Test worker] INFO org.springframework.test.context.support.AnnotationConfigContextLoaderUtils - Could not detect default configuration classes for test class [com.etnetera.hr.JavaScriptFrameworkTests]: JavaScriptFrameworkTests does not declare any static, non-private, non-final, nested classes annotated with @Configuration.
18:36:37.474 [Test worker] DEBUG org.springframework.test.context.support.ActiveProfilesUtils - Could not find an 'annotation declaring class' for annotation type [org.springframework.test.context.ActiveProfiles] and class [com.etnetera.hr.JavaScriptFrameworkTests]
18:36:37.539 [Test worker] DEBUG org.springframework.context.annotation.ClassPathScanningCandidateComponentProvider - Identified candidate component class: file [C:\Users\Java - junior\marekWimmerTest\java-test-default\build\classes\java\main\com\etnetera\hr\Application.class]
18:36:37.540 [Test worker] INFO org.springframework.boot.test.context.SpringBootTestContextBootstrapper - Found @SpringBootConfiguration com.etnetera.hr.Application for test class com.etnetera.hr.JavaScriptFrameworkTests
18:36:37.627 [Test worker] DEBUG org.springframework.boot.test.context.SpringBootTestContextBootstrapper - @TestExecutionListeners is not present for class [com.etnetera.hr.JavaScriptFrameworkTests]: using defaults.
18:36:37.628 [Test worker] INFO org.springframework.boot.test.context.SpringBootTestContextBootstrapper - Loaded default TestExecutionListener class names from location [META-INF/spring.factories]: [org.springframework.boot.test.autoconfigure.restdocs.RestDocsTestExecutionListener, org.springframework.boot.test.autoconfigure.web.client.MockRestServiceServerResetTestExecutionListener, org.springframework.boot.test.autoconfigure.web.servlet.MockMvcPrintOnlyOnFailureTestExecutionListener, org.springframework.boot.test.autoconfigure.web.servlet.WebDriverTestExecutionListener, org.springframework.boot.test.mock.mockito.MockitoTestExecutionListener, org.springframework.boot.test.mock.mockito.ResetMocksTestExecutionListener, org.springframework.test.context.web.ServletTestExecutionListener, org.springframework.test.context.support.DirtiesContextBeforeModesTestExecutionListener, org.springframework.test.context.support.DependencyInjectionTestExecutionListener, org.springframework.test.context.support.DirtiesContextTestExecutionListener, org.springframework.test.context.transaction.TransactionalTestExecutionListener, org.springframework.test.context.jdbc.SqlScriptsTestExecutionListener]
18:36:37.642 [Test worker] INFO org.springframework.boot.test.context.SpringBootTestContextBootstrapper - Using TestExecutionListeners: [org.springframework.test.context.web.ServletTestExecutionListener@44a30b27, org.springframework.test.context.support.DirtiesContextBeforeModesTestExecutionListener@3b6a431d, org.springframework.boot.test.mock.mockito.MockitoTestExecutionListener@5c9e60e7, org.springframework.boot.test.autoconfigure.SpringBootDependencyInjectionTestExecutionListener@5b5e551a, org.springframework.test.context.support.DirtiesContextTestExecutionListener@7789765, org.springframework.test.context.transaction.TransactionalTestExecutionListener@6e635e3c, org.springframework.test.context.jdbc.SqlScriptsTestExecutionListener@4155824f, org.springframework.boot.test.autoconfigure.restdocs.RestDocsTestExecutionListener@680af9fa, org.springframework.boot.test.autoconfigure.web.client.MockRestServiceServerResetTestExecutionListener@2b8a9821, org.springframework.boot.test.autoconfigure.web.servlet.MockMvcPrintOnlyOnFailureTestExecutionListener@5feca1d2, org.springframework.boot.test.autoconfigure.web.servlet.WebDriverTestExecutionListener@3246179a, org.springframework.boot.test.mock.mockito.ResetMocksTestExecutionListener@d3ced01]
18:36:37.645 [Test worker] DEBUG org.springframework.test.annotation.ProfileValueUtils - Retrieved @ProfileValueSourceConfiguration [null] for test class [com.etnetera.hr.JavaScriptFrameworkTests]
18:36:37.645 [Test worker] DEBUG org.springframework.test.annotation.ProfileValueUtils - Retrieved ProfileValueSource type [class org.springframework.test.annotation.SystemProfileValueSource] for class [com.etnetera.hr.JavaScriptFrameworkTests]
18:36:37.650 [Test worker] DEBUG org.springframework.test.annotation.ProfileValueUtils - Retrieved @ProfileValueSourceConfiguration [null] for test class [com.etnetera.hr.JavaScriptFrameworkTests]
18:36:37.650 [Test worker] DEBUG org.springframework.test.annotation.ProfileValueUtils - Retrieved ProfileValueSource type [class org.springframework.test.annotation.SystemProfileValueSource] for class [com.etnetera.hr.JavaScriptFrameworkTests]
18:36:37.651 [Test worker] DEBUG org.springframework.test.annotation.ProfileValueUtils - Retrieved @ProfileValueSourceConfiguration [null] for test class [com.etnetera.hr.JavaScriptFrameworkTests]
18:36:37.651 [Test worker] DEBUG org.springframework.test.annotation.ProfileValueUtils - Retrieved ProfileValueSource type [class org.springframework.test.annotation.SystemProfileValueSource] for class [com.etnetera.hr.JavaScriptFrameworkTests]
18:36:37.654 [Test worker] DEBUG org.springframework.test.context.support.AbstractDirtiesContextTestExecutionListener - Before test class: context [DefaultTestContext@4be7b045 testClass = JavaScriptFrameworkTests, testInstance = [null], testMethod = [null], testException = [null], mergedContextConfiguration = [WebMergedContextConfiguration@6b3b00cf testClass = JavaScriptFrameworkTests, locations = '{}', classes = '{class com.etnetera.hr.Application}', contextInitializerClasses = '[]', activeProfiles = '{}', propertySourceLocations = '{}', propertySourceProperties = '{org.springframework.boot.test.context.SpringBootTestContextBootstrapper=true}', contextCustomizers = set[org.springframework.boot.test.autoconfigure.properties.PropertyMappingContextCustomizer@e7e8512, org.springframework.boot.test.autoconfigure.web.servlet.WebDriverContextCustomizerFactory$Customizer@26d2477f, [ImportsContextCustomizer@36da3553 key = [org.springframework.boot.test.autoconfigure.web.servlet.MockMvcAutoConfiguration, org.springframework.boot.test.autoconfigure.web.servlet.MockMvcSecurityAutoConfiguration, org.springframework.boot.test.autoconfigure.web.servlet.MockMvcWebClientAutoConfiguration, org.springframework.boot.test.autoconfigure.web.servlet.MockMvcWebDriverAutoConfiguration]], org.springframework.boot.test.context.filter.ExcludeFilterContextCustomizer@6dcb5696, org.springframework.boot.test.json.DuplicateJsonObjectContextCustomizerFactory$DuplicateJsonObjectContextCustomizer@7211b3b9, org.springframework.boot.test.mock.mockito.MockitoContextCustomizer@0, org.springframework.boot.test.web.client.TestRestTemplateContextCustomizer@3f0e389a], resourceBasePath = 'src/main/webapp', contextLoader = 'org.springframework.boot.test.context.SpringBootContextLoader', parent = [null]], attributes = map['org.springframework.test.context.web.ServletTestExecutionListener.activateListener' -> true]], class annotated with @DirtiesContext [false] with mode [null].
18:36:37.656 [Test worker] DEBUG org.springframework.test.annotation.ProfileValueUtils - Retrieved @ProfileValueSourceConfiguration [null] for test class [com.etnetera.hr.JavaScriptFrameworkTests]
18:36:37.656 [Test worker] DEBUG org.springframework.test.annotation.ProfileValueUtils - Retrieved ProfileValueSource type [class org.springframework.test.annotation.SystemProfileValueSource] for class [com.etnetera.hr.JavaScriptFrameworkTests]
18:36:37.809 [Test worker] DEBUG org.springframework.test.context.support.TestPropertySourceUtils - Adding inlined properties to environment: {spring.jmx.enabled=false, org.springframework.boot.test.context.SpringBootTestContextBootstrapper=true, server.port=-1}

  .   ____          _            __ _ _
 /\\ / ___'_ __ _ _(_)_ __  __ _ \ \ \ \
( ( )\___ | '_ | '_| | '_ \/ _` | \ \ \ \
 \\/  ___)| |_)| | | | | || (_| |  ) ) ) )
  '  |____| .__|_| |_|_| |_\__, | / / / /
 =========|_|==============|___/=/_/_/_/
 :: Spring Boot ::        (v2.1.7.RELEASE)

2021-02-01 18:36:38.103  INFO 764 --- [    Test worker] c.etnetera.hr.JavaScriptFrameworkTests   : Starting JavaScriptFrameworkTests on DESKTOP-UJ9IR7H with PID 764 (started by marek in C:\Users\Java - junior\marekWimmerTest\java-test-default)
2021-02-01 18:36:38.105  INFO 764 --- [    Test worker] c.etnetera.hr.JavaScriptFrameworkTests   : No active profile set, falling back to default profiles: default
2021-02-01 18:36:38.940  INFO 764 --- [    Test worker] .s.d.r.c.RepositoryConfigurationDelegate : Bootstrapping Spring Data repositories in DEFAULT mode.
2021-02-01 18:36:39.004  INFO 764 --- [    Test worker] .s.d.r.c.RepositoryConfigurationDelegate : Finished Spring Data repository scanning in 56ms. Found 2 repository interfaces.
2021-02-01 18:36:39.386  INFO 764 --- [    Test worker] trationDelegate$BeanPostProcessorChecker : Bean 'org.springframework.transaction.annotation.ProxyTransactionManagementConfiguration' of type [org.springframework.transaction.annotation.ProxyTransactionManagementConfiguration$$EnhancerBySpringCGLIB$$d74df4f9] is not eligible for getting processed by all BeanPostProcessors (for example: not eligible for auto-proxying)
2021-02-01 18:36:39.596  INFO 764 --- [    Test worker] com.zaxxer.hikari.HikariDataSource       : HikariPool-1 - Starting...
2021-02-01 18:36:39.758  INFO 764 --- [    Test worker] com.zaxxer.hikari.HikariDataSource       : HikariPool-1 - Start completed.
2021-02-01 18:36:39.862  INFO 764 --- [    Test worker] o.hibernate.jpa.internal.util.LogHelper  : HHH000204: Processing PersistenceUnitInfo [
	name: default
	...]
2021-02-01 18:36:39.943  INFO 764 --- [    Test worker] org.hibernate.Version                    : HHH000412: Hibernate Core {5.3.10.Final}
2021-02-01 18:36:39.945  INFO 764 --- [    Test worker] org.hibernate.cfg.Environment            : HHH000206: hibernate.properties not found
2021-02-01 18:36:40.117  INFO 764 --- [    Test worker] o.hibernate.annotations.common.Version   : HCANN000001: Hibernate Commons Annotations {5.0.4.Final}
2021-02-01 18:36:40.270  INFO 764 --- [    Test worker] org.hibernate.dialect.Dialect            : HHH000400: Using dialect: org.hibernate.dialect.H2Dialect
2021-02-01 18:36:40.995  INFO 764 --- [    Test worker] o.h.t.schema.internal.SchemaCreatorImpl  : HHH000476: Executing import script 'org.hibernate.tool.schema.internal.exec.ScriptSourceInputNonExistentImpl@7b1eb430'
2021-02-01 18:36:40.998  INFO 764 --- [    Test worker] j.LocalContainerEntityManagerFactoryBean : Initialized JPA EntityManagerFactory for persistence unit 'default'
2021-02-01 18:36:41.961  INFO 764 --- [    Test worker] o.s.s.concurrent.ThreadPoolTaskExecutor  : Initializing ExecutorService 'applicationTaskExecutor'
2021-02-01 18:36:42.021  WARN 764 --- [    Test worker] aWebConfiguration$JpaWebMvcConfiguration : spring.jpa.open-in-view is enabled by default. Therefore, database queries may be performed during view rendering. Explicitly configure spring.jpa.open-in-view to disable this warning
2021-02-01 18:36:42.351  INFO 764 --- [    Test worker] o.s.b.t.m.w.SpringBootMockServletContext : Initializing Spring TestDispatcherServlet ''
2021-02-01 18:36:42.351  INFO 764 --- [    Test worker] o.s.t.web.servlet.TestDispatcherServlet  : Initializing Servlet ''
2021-02-01 18:36:42.364  INFO 764 --- [    Test worker] o.s.t.web.servlet.TestDispatcherServlet  : Completed initialization in 13 ms
2021-02-01 18:36:42.387  INFO 764 --- [    Test worker] c.etnetera.hr.JavaScriptFrameworkTests   : Started JavaScriptFrameworkTests in 4.57 seconds (JVM running for 5.698)
]]></system-out>
  <system-err><![CDATA[]]></system-err>
</testsuite>
