<?xml version="1.0" encoding="UTF-8"?>
<testsuite name="com.etnetera.hr.JavaScriptFrameworkTests" tests="1" skipped="0" failures="0" errors="0" timestamp="2021-02-02T01:01:18" hostname="DESKTOP-UJ9IR7H" time="0.288">
  <properties/>
  <testcase name="deleteFramework" classname="com.etnetera.hr.JavaScriptFrameworkTests" time="0.288"/>
  <system-out><![CDATA[02:01:13.574 [Test worker] DEBUG org.springframework.test.context.junit4.SpringJUnit4ClassRunner - SpringJUnit4ClassRunner constructor called with [class com.etnetera.hr.JavaScriptFrameworkTests]
02:01:13.588 [Test worker] DEBUG org.springframework.test.context.BootstrapUtils - Instantiating CacheAwareContextLoaderDelegate from class [org.springframework.test.context.cache.DefaultCacheAwareContextLoaderDelegate]
02:01:13.595 [Test worker] DEBUG org.springframework.test.context.BootstrapUtils - Instantiating BootstrapContext using constructor [public org.springframework.test.context.support.DefaultBootstrapContext(java.lang.Class,org.springframework.test.context.CacheAwareContextLoaderDelegate)]
02:01:13.613 [Test worker] DEBUG org.springframework.test.context.BootstrapUtils - Instantiating TestContextBootstrapper for test class [com.etnetera.hr.JavaScriptFrameworkTests] from class [org.springframework.boot.test.context.SpringBootTestContextBootstrapper]
02:01:13.622 [Test worker] INFO org.springframework.boot.test.context.SpringBootTestContextBootstrapper - Neither @ContextConfiguration nor @ContextHierarchy found for test class [com.etnetera.hr.JavaScriptFrameworkTests], using SpringBootContextLoader
02:01:13.625 [Test worker] DEBUG org.springframework.test.context.support.AbstractContextLoader - Did not detect default resource location for test class [com.etnetera.hr.JavaScriptFrameworkTests]: class path resource [com/etnetera/hr/JavaScriptFrameworkTests-context.xml] does not exist
02:01:13.626 [Test worker] DEBUG org.springframework.test.context.support.AbstractContextLoader - Did not detect default resource location for test class [com.etnetera.hr.JavaScriptFrameworkTests]: class path resource [com/etnetera/hr/JavaScriptFrameworkTestsContext.groovy] does not exist
02:01:13.626 [Test worker] INFO org.springframework.test.context.support.AbstractContextLoader - Could not detect default resource locations for test class [com.etnetera.hr.JavaScriptFrameworkTests]: no resource found for suffixes {-context.xml, Context.groovy}.
02:01:13.627 [Test worker] INFO org.springframework.test.context.support.AnnotationConfigContextLoaderUtils - Could not detect default configuration classes for test class [com.etnetera.hr.JavaScriptFrameworkTests]: JavaScriptFrameworkTests does not declare any static, non-private, non-final, nested classes annotated with @Configuration.
02:01:13.675 [Test worker] DEBUG org.springframework.test.context.support.ActiveProfilesUtils - Could not find an 'annotation declaring class' for annotation type [org.springframework.test.context.ActiveProfiles] and class [com.etnetera.hr.JavaScriptFrameworkTests]
02:01:13.728 [Test worker] DEBUG org.springframework.context.annotation.ClassPathScanningCandidateComponentProvider - Identified candidate component class: file [C:\Users\Java - junior\marekWimmerTest\java-test-default\build\classes\java\main\com\etnetera\hr\Application.class]
02:01:13.730 [Test worker] INFO org.springframework.boot.test.context.SpringBootTestContextBootstrapper - Found @SpringBootConfiguration com.etnetera.hr.Application for test class com.etnetera.hr.JavaScriptFrameworkTests
02:01:13.808 [Test worker] DEBUG org.springframework.boot.test.context.SpringBootTestContextBootstrapper - @TestExecutionListeners is not present for class [com.etnetera.hr.JavaScriptFrameworkTests]: using defaults.
02:01:13.809 [Test worker] INFO org.springframework.boot.test.context.SpringBootTestContextBootstrapper - Loaded default TestExecutionListener class names from location [META-INF/spring.factories]: [org.springframework.boot.test.autoconfigure.restdocs.RestDocsTestExecutionListener, org.springframework.boot.test.autoconfigure.web.client.MockRestServiceServerResetTestExecutionListener, org.springframework.boot.test.autoconfigure.web.servlet.MockMvcPrintOnlyOnFailureTestExecutionListener, org.springframework.boot.test.autoconfigure.web.servlet.WebDriverTestExecutionListener, org.springframework.boot.test.mock.mockito.MockitoTestExecutionListener, org.springframework.boot.test.mock.mockito.ResetMocksTestExecutionListener, org.springframework.test.context.web.ServletTestExecutionListener, org.springframework.test.context.support.DirtiesContextBeforeModesTestExecutionListener, org.springframework.test.context.support.DependencyInjectionTestExecutionListener, org.springframework.test.context.support.DirtiesContextTestExecutionListener, org.springframework.test.context.transaction.TransactionalTestExecutionListener, org.springframework.test.context.jdbc.SqlScriptsTestExecutionListener]
02:01:13.823 [Test worker] INFO org.springframework.boot.test.context.SpringBootTestContextBootstrapper - Using TestExecutionListeners: [org.springframework.test.context.web.ServletTestExecutionListener@333460da, org.springframework.test.context.support.DirtiesContextBeforeModesTestExecutionListener@49579a04, org.springframework.boot.test.mock.mockito.MockitoTestExecutionListener@2ccfc76f, org.springframework.boot.test.autoconfigure.SpringBootDependencyInjectionTestExecutionListener@61312466, org.springframework.test.context.support.DirtiesContextTestExecutionListener@7193aa2a, org.springframework.test.context.transaction.TransactionalTestExecutionListener@46189a6, org.springframework.test.context.jdbc.SqlScriptsTestExecutionListener@5647d2fa, org.springframework.boot.test.autoconfigure.restdocs.RestDocsTestExecutionListener@3ebdde40, org.springframework.boot.test.autoconfigure.web.client.MockRestServiceServerResetTestExecutionListener@5213f147, org.springframework.boot.test.autoconfigure.web.servlet.MockMvcPrintOnlyOnFailureTestExecutionListener@5ab77e1a, org.springframework.boot.test.autoconfigure.web.servlet.WebDriverTestExecutionListener@320fa7b4, org.springframework.boot.test.mock.mockito.ResetMocksTestExecutionListener@6210306b]
02:01:13.826 [Test worker] DEBUG org.springframework.test.annotation.ProfileValueUtils - Retrieved @ProfileValueSourceConfiguration [null] for test class [com.etnetera.hr.JavaScriptFrameworkTests]
02:01:13.827 [Test worker] DEBUG org.springframework.test.annotation.ProfileValueUtils - Retrieved ProfileValueSource type [class org.springframework.test.annotation.SystemProfileValueSource] for class [com.etnetera.hr.JavaScriptFrameworkTests]
02:01:13.831 [Test worker] DEBUG org.springframework.test.annotation.ProfileValueUtils - Retrieved @ProfileValueSourceConfiguration [null] for test class [com.etnetera.hr.JavaScriptFrameworkTests]
02:01:13.832 [Test worker] DEBUG org.springframework.test.annotation.ProfileValueUtils - Retrieved ProfileValueSource type [class org.springframework.test.annotation.SystemProfileValueSource] for class [com.etnetera.hr.JavaScriptFrameworkTests]
02:01:13.832 [Test worker] DEBUG org.springframework.test.annotation.ProfileValueUtils - Retrieved @ProfileValueSourceConfiguration [null] for test class [com.etnetera.hr.JavaScriptFrameworkTests]
02:01:13.832 [Test worker] DEBUG org.springframework.test.annotation.ProfileValueUtils - Retrieved ProfileValueSource type [class org.springframework.test.annotation.SystemProfileValueSource] for class [com.etnetera.hr.JavaScriptFrameworkTests]
02:01:13.835 [Test worker] DEBUG org.springframework.test.context.support.AbstractDirtiesContextTestExecutionListener - Before test class: context [DefaultTestContext@c28659a testClass = JavaScriptFrameworkTests, testInstance = [null], testMethod = [null], testException = [null], mergedContextConfiguration = [WebMergedContextConfiguration@4202ca22 testClass = JavaScriptFrameworkTests, locations = '{}', classes = '{class com.etnetera.hr.Application}', contextInitializerClasses = '[]', activeProfiles = '{}', propertySourceLocations = '{}', propertySourceProperties = '{org.springframework.boot.test.context.SpringBootTestContextBootstrapper=true}', contextCustomizers = set[org.springframework.boot.test.autoconfigure.properties.PropertyMappingContextCustomizer@e7e8512, org.springframework.boot.test.autoconfigure.web.servlet.WebDriverContextCustomizerFactory$Customizer@1445ef39, [ImportsContextCustomizer@59a90d4a key = [org.springframework.boot.test.autoconfigure.web.servlet.MockMvcAutoConfiguration, org.springframework.boot.test.autoconfigure.web.servlet.MockMvcSecurityAutoConfiguration, org.springframework.boot.test.autoconfigure.web.servlet.MockMvcWebClientAutoConfiguration, org.springframework.boot.test.autoconfigure.web.servlet.MockMvcWebDriverAutoConfiguration]], org.springframework.boot.test.context.filter.ExcludeFilterContextCustomizer@65d3fe71, org.springframework.boot.test.json.DuplicateJsonObjectContextCustomizerFactory$DuplicateJsonObjectContextCustomizer@64aa6be0, org.springframework.boot.test.mock.mockito.MockitoContextCustomizer@0, org.springframework.boot.test.web.client.TestRestTemplateContextCustomizer@1bb72dc7], resourceBasePath = 'src/main/webapp', contextLoader = 'org.springframework.boot.test.context.SpringBootContextLoader', parent = [null]], attributes = map['org.springframework.test.context.web.ServletTestExecutionListener.activateListener' -> true]], class annotated with @DirtiesContext [false] with mode [null].
02:01:13.837 [Test worker] DEBUG org.springframework.test.annotation.ProfileValueUtils - Retrieved @ProfileValueSourceConfiguration [null] for test class [com.etnetera.hr.JavaScriptFrameworkTests]
02:01:13.837 [Test worker] DEBUG org.springframework.test.annotation.ProfileValueUtils - Retrieved ProfileValueSource type [class org.springframework.test.annotation.SystemProfileValueSource] for class [com.etnetera.hr.JavaScriptFrameworkTests]
02:01:13.987 [Test worker] DEBUG org.springframework.test.context.support.TestPropertySourceUtils - Adding inlined properties to environment: {spring.jmx.enabled=false, org.springframework.boot.test.context.SpringBootTestContextBootstrapper=true, server.port=-1}

  .   ____          _            __ _ _
 /\\ / ___'_ __ _ _(_)_ __  __ _ \ \ \ \
( ( )\___ | '_ | '_| | '_ \/ _` | \ \ \ \
 \\/  ___)| |_)| | | | | || (_| |  ) ) ) )
  '  |____| .__|_| |_|_| |_\__, | / / / /
 =========|_|==============|___/=/_/_/_/
 :: Spring Boot ::        (v2.1.7.RELEASE)

2021-02-02 02:01:14.247  INFO 15624 --- [    Test worker] c.etnetera.hr.JavaScriptFrameworkTests   : Starting JavaScriptFrameworkTests on DESKTOP-UJ9IR7H with PID 15624 (started by marek in C:\Users\Java - junior\marekWimmerTest\java-test-default)
2021-02-02 02:01:14.248  INFO 15624 --- [    Test worker] c.etnetera.hr.JavaScriptFrameworkTests   : No active profile set, falling back to default profiles: default
2021-02-02 02:01:15.008  INFO 15624 --- [    Test worker] .s.d.r.c.RepositoryConfigurationDelegate : Bootstrapping Spring Data repositories in DEFAULT mode.
2021-02-02 02:01:15.067  INFO 15624 --- [    Test worker] .s.d.r.c.RepositoryConfigurationDelegate : Finished Spring Data repository scanning in 49ms. Found 1 repository interfaces.
2021-02-02 02:01:15.429  INFO 15624 --- [    Test worker] trationDelegate$BeanPostProcessorChecker : Bean 'org.springframework.transaction.annotation.ProxyTransactionManagementConfiguration' of type [org.springframework.transaction.annotation.ProxyTransactionManagementConfiguration$$EnhancerBySpringCGLIB$$d7c8a99f] is not eligible for getting processed by all BeanPostProcessors (for example: not eligible for auto-proxying)
2021-02-02 02:01:15.619  INFO 15624 --- [    Test worker] com.zaxxer.hikari.HikariDataSource       : HikariPool-1 - Starting...
2021-02-02 02:01:15.776  INFO 15624 --- [    Test worker] com.zaxxer.hikari.HikariDataSource       : HikariPool-1 - Start completed.
2021-02-02 02:01:15.868  INFO 15624 --- [    Test worker] o.hibernate.jpa.internal.util.LogHelper  : HHH000204: Processing PersistenceUnitInfo [
	name: default
	...]
2021-02-02 02:01:15.946  INFO 15624 --- [    Test worker] org.hibernate.Version                    : HHH000412: Hibernate Core {5.3.10.Final}
2021-02-02 02:01:15.947  INFO 15624 --- [    Test worker] org.hibernate.cfg.Environment            : HHH000206: hibernate.properties not found
2021-02-02 02:01:16.097  INFO 15624 --- [    Test worker] o.hibernate.annotations.common.Version   : HCANN000001: Hibernate Commons Annotations {5.0.4.Final}
2021-02-02 02:01:16.228  INFO 15624 --- [    Test worker] org.hibernate.dialect.Dialect            : HHH000400: Using dialect: org.hibernate.dialect.H2Dialect
2021-02-02 02:01:16.902  INFO 15624 --- [    Test worker] o.h.t.schema.internal.SchemaCreatorImpl  : HHH000476: Executing import script 'org.hibernate.tool.schema.internal.exec.ScriptSourceInputNonExistentImpl@31f9ed4e'
2021-02-02 02:01:16.905  INFO 15624 --- [    Test worker] j.LocalContainerEntityManagerFactoryBean : Initialized JPA EntityManagerFactory for persistence unit 'default'
2021-02-02 02:01:17.765  INFO 15624 --- [    Test worker] o.s.s.concurrent.ThreadPoolTaskExecutor  : Initializing ExecutorService 'applicationTaskExecutor'
2021-02-02 02:01:17.814  WARN 15624 --- [    Test worker] aWebConfiguration$JpaWebMvcConfiguration : spring.jpa.open-in-view is enabled by default. Therefore, database queries may be performed during view rendering. Explicitly configure spring.jpa.open-in-view to disable this warning
2021-02-02 02:01:18.133  INFO 15624 --- [    Test worker] o.s.b.t.m.w.SpringBootMockServletContext : Initializing Spring TestDispatcherServlet ''
2021-02-02 02:01:18.133  INFO 15624 --- [    Test worker] o.s.t.web.servlet.TestDispatcherServlet  : Initializing Servlet ''
2021-02-02 02:01:18.146  INFO 15624 --- [    Test worker] o.s.t.web.servlet.TestDispatcherServlet  : Completed initialization in 13 ms
2021-02-02 02:01:18.166  INFO 15624 --- [    Test worker] c.etnetera.hr.JavaScriptFrameworkTests   : Started JavaScriptFrameworkTests in 4.172 seconds (JVM running for 5.246)
]]></system-out>
  <system-err><![CDATA[]]></system-err>
</testsuite>
