<?xml version="1.0" encoding="UTF-8"?>
<testsuite name="com.etnetera.hr.JavaScriptFrameworkTests" tests="1" skipped="0" failures="0" errors="0" timestamp="2021-01-27T12:30:05" hostname="DESKTOP-UJ9IR7H" time="0.214">
  <properties/>
  <testcase name="deleteFramework" classname="com.etnetera.hr.JavaScriptFrameworkTests" time="0.214"/>
  <system-out><![CDATA[13:30:00.939 [Test worker] DEBUG org.springframework.test.context.junit4.SpringJUnit4ClassRunner - SpringJUnit4ClassRunner constructor called with [class com.etnetera.hr.JavaScriptFrameworkTests]
13:30:00.952 [Test worker] DEBUG org.springframework.test.context.BootstrapUtils - Instantiating CacheAwareContextLoaderDelegate from class [org.springframework.test.context.cache.DefaultCacheAwareContextLoaderDelegate]
13:30:00.959 [Test worker] DEBUG org.springframework.test.context.BootstrapUtils - Instantiating BootstrapContext using constructor [public org.springframework.test.context.support.DefaultBootstrapContext(java.lang.Class,org.springframework.test.context.CacheAwareContextLoaderDelegate)]
13:30:00.978 [Test worker] DEBUG org.springframework.test.context.BootstrapUtils - Instantiating TestContextBootstrapper for test class [com.etnetera.hr.JavaScriptFrameworkTests] from class [org.springframework.boot.test.context.SpringBootTestContextBootstrapper]
13:30:00.987 [Test worker] INFO org.springframework.boot.test.context.SpringBootTestContextBootstrapper - Neither @ContextConfiguration nor @ContextHierarchy found for test class [com.etnetera.hr.JavaScriptFrameworkTests], using SpringBootContextLoader
13:30:00.991 [Test worker] DEBUG org.springframework.test.context.support.AbstractContextLoader - Did not detect default resource location for test class [com.etnetera.hr.JavaScriptFrameworkTests]: class path resource [com/etnetera/hr/JavaScriptFrameworkTests-context.xml] does not exist
13:30:00.991 [Test worker] DEBUG org.springframework.test.context.support.AbstractContextLoader - Did not detect default resource location for test class [com.etnetera.hr.JavaScriptFrameworkTests]: class path resource [com/etnetera/hr/JavaScriptFrameworkTestsContext.groovy] does not exist
13:30:00.992 [Test worker] INFO org.springframework.test.context.support.AbstractContextLoader - Could not detect default resource locations for test class [com.etnetera.hr.JavaScriptFrameworkTests]: no resource found for suffixes {-context.xml, Context.groovy}.
13:30:00.992 [Test worker] INFO org.springframework.test.context.support.AnnotationConfigContextLoaderUtils - Could not detect default configuration classes for test class [com.etnetera.hr.JavaScriptFrameworkTests]: JavaScriptFrameworkTests does not declare any static, non-private, non-final, nested classes annotated with @Configuration.
13:30:01.040 [Test worker] DEBUG org.springframework.test.context.support.ActiveProfilesUtils - Could not find an 'annotation declaring class' for annotation type [org.springframework.test.context.ActiveProfiles] and class [com.etnetera.hr.JavaScriptFrameworkTests]
13:30:01.096 [Test worker] DEBUG org.springframework.context.annotation.ClassPathScanningCandidateComponentProvider - Identified candidate component class: file [C:\Users\Java - junior\marekWimmerTest\java-test-default\build\classes\java\main\com\etnetera\hr\Application.class]
13:30:01.097 [Test worker] INFO org.springframework.boot.test.context.SpringBootTestContextBootstrapper - Found @SpringBootConfiguration com.etnetera.hr.Application for test class com.etnetera.hr.JavaScriptFrameworkTests
13:30:01.178 [Test worker] DEBUG org.springframework.boot.test.context.SpringBootTestContextBootstrapper - @TestExecutionListeners is not present for class [com.etnetera.hr.JavaScriptFrameworkTests]: using defaults.
13:30:01.178 [Test worker] INFO org.springframework.boot.test.context.SpringBootTestContextBootstrapper - Loaded default TestExecutionListener class names from location [META-INF/spring.factories]: [org.springframework.boot.test.autoconfigure.restdocs.RestDocsTestExecutionListener, org.springframework.boot.test.autoconfigure.web.client.MockRestServiceServerResetTestExecutionListener, org.springframework.boot.test.autoconfigure.web.servlet.MockMvcPrintOnlyOnFailureTestExecutionListener, org.springframework.boot.test.autoconfigure.web.servlet.WebDriverTestExecutionListener, org.springframework.boot.test.mock.mockito.MockitoTestExecutionListener, org.springframework.boot.test.mock.mockito.ResetMocksTestExecutionListener, org.springframework.test.context.web.ServletTestExecutionListener, org.springframework.test.context.support.DirtiesContextBeforeModesTestExecutionListener, org.springframework.test.context.support.DependencyInjectionTestExecutionListener, org.springframework.test.context.support.DirtiesContextTestExecutionListener, org.springframework.test.context.transaction.TransactionalTestExecutionListener, org.springframework.test.context.jdbc.SqlScriptsTestExecutionListener]
13:30:01.192 [Test worker] INFO org.springframework.boot.test.context.SpringBootTestContextBootstrapper - Using TestExecutionListeners: [org.springframework.test.context.web.ServletTestExecutionListener@7f408028, org.springframework.test.context.support.DirtiesContextBeforeModesTestExecutionListener@23b5cd53, org.springframework.boot.test.mock.mockito.MockitoTestExecutionListener@2f47f5f4, org.springframework.boot.test.autoconfigure.SpringBootDependencyInjectionTestExecutionListener@26080954, org.springframework.test.context.support.DirtiesContextTestExecutionListener@5d328c7d, org.springframework.test.context.transaction.TransactionalTestExecutionListener@50e00ddd, org.springframework.test.context.jdbc.SqlScriptsTestExecutionListener@4018ba60, org.springframework.boot.test.autoconfigure.restdocs.RestDocsTestExecutionListener@263c599e, org.springframework.boot.test.autoconfigure.web.client.MockRestServiceServerResetTestExecutionListener@6fa46840, org.springframework.boot.test.autoconfigure.web.servlet.MockMvcPrintOnlyOnFailureTestExecutionListener@3f7a1e8c, org.springframework.boot.test.autoconfigure.web.servlet.WebDriverTestExecutionListener@3a3478b9, org.springframework.boot.test.mock.mockito.ResetMocksTestExecutionListener@7e0026c8]
13:30:01.195 [Test worker] DEBUG org.springframework.test.annotation.ProfileValueUtils - Retrieved @ProfileValueSourceConfiguration [null] for test class [com.etnetera.hr.JavaScriptFrameworkTests]
13:30:01.196 [Test worker] DEBUG org.springframework.test.annotation.ProfileValueUtils - Retrieved ProfileValueSource type [class org.springframework.test.annotation.SystemProfileValueSource] for class [com.etnetera.hr.JavaScriptFrameworkTests]
13:30:01.199 [Test worker] DEBUG org.springframework.test.annotation.ProfileValueUtils - Retrieved @ProfileValueSourceConfiguration [null] for test class [com.etnetera.hr.JavaScriptFrameworkTests]
13:30:01.200 [Test worker] DEBUG org.springframework.test.annotation.ProfileValueUtils - Retrieved ProfileValueSource type [class org.springframework.test.annotation.SystemProfileValueSource] for class [com.etnetera.hr.JavaScriptFrameworkTests]
13:30:01.200 [Test worker] DEBUG org.springframework.test.annotation.ProfileValueUtils - Retrieved @ProfileValueSourceConfiguration [null] for test class [com.etnetera.hr.JavaScriptFrameworkTests]
13:30:01.200 [Test worker] DEBUG org.springframework.test.annotation.ProfileValueUtils - Retrieved ProfileValueSource type [class org.springframework.test.annotation.SystemProfileValueSource] for class [com.etnetera.hr.JavaScriptFrameworkTests]
13:30:01.203 [Test worker] DEBUG org.springframework.test.context.support.AbstractDirtiesContextTestExecutionListener - Before test class: context [DefaultTestContext@4f9c1cbf testClass = JavaScriptFrameworkTests, testInstance = [null], testMethod = [null], testException = [null], mergedContextConfiguration = [WebMergedContextConfiguration@700de8c1 testClass = JavaScriptFrameworkTests, locations = '{}', classes = '{class com.etnetera.hr.Application}', contextInitializerClasses = '[]', activeProfiles = '{}', propertySourceLocations = '{}', propertySourceProperties = '{org.springframework.boot.test.context.SpringBootTestContextBootstrapper=true}', contextCustomizers = set[org.springframework.boot.test.autoconfigure.properties.PropertyMappingContextCustomizer@e7e8512, org.springframework.boot.test.autoconfigure.web.servlet.WebDriverContextCustomizerFactory$Customizer@310e0a5c, [ImportsContextCustomizer@7b764398 key = [org.springframework.boot.test.autoconfigure.web.servlet.MockMvcAutoConfiguration, org.springframework.boot.test.autoconfigure.web.servlet.MockMvcSecurityAutoConfiguration, org.springframework.boot.test.autoconfigure.web.servlet.MockMvcWebClientAutoConfiguration, org.springframework.boot.test.autoconfigure.web.servlet.MockMvcWebDriverAutoConfiguration]], org.springframework.boot.test.context.filter.ExcludeFilterContextCustomizer@a21eab0, org.springframework.boot.test.json.DuplicateJsonObjectContextCustomizerFactory$DuplicateJsonObjectContextCustomizer@78323a37, org.springframework.boot.test.mock.mockito.MockitoContextCustomizer@0, org.springframework.boot.test.web.client.TestRestTemplateContextCustomizer@5e2bfa38], resourceBasePath = 'src/main/webapp', contextLoader = 'org.springframework.boot.test.context.SpringBootContextLoader', parent = [null]], attributes = map['org.springframework.test.context.web.ServletTestExecutionListener.activateListener' -> true]], class annotated with @DirtiesContext [false] with mode [null].
13:30:01.204 [Test worker] DEBUG org.springframework.test.annotation.ProfileValueUtils - Retrieved @ProfileValueSourceConfiguration [null] for test class [com.etnetera.hr.JavaScriptFrameworkTests]
13:30:01.204 [Test worker] DEBUG org.springframework.test.annotation.ProfileValueUtils - Retrieved ProfileValueSource type [class org.springframework.test.annotation.SystemProfileValueSource] for class [com.etnetera.hr.JavaScriptFrameworkTests]
13:30:01.354 [Test worker] DEBUG org.springframework.test.context.support.TestPropertySourceUtils - Adding inlined properties to environment: {spring.jmx.enabled=false, org.springframework.boot.test.context.SpringBootTestContextBootstrapper=true, server.port=-1}

  .   ____          _            __ _ _
 /\\ / ___'_ __ _ _(_)_ __  __ _ \ \ \ \
( ( )\___ | '_ | '_| | '_ \/ _` | \ \ \ \
 \\/  ___)| |_)| | | | | || (_| |  ) ) ) )
  '  |____| .__|_| |_|_| |_\__, | / / / /
 =========|_|==============|___/=/_/_/_/
 :: Spring Boot ::        (v2.1.7.RELEASE)

2021-01-27 13:30:01.630  INFO 16204 --- [    Test worker] c.etnetera.hr.JavaScriptFrameworkTests   : Starting JavaScriptFrameworkTests on DESKTOP-UJ9IR7H with PID 16204 (started by marek in C:\Users\Java - junior\marekWimmerTest\java-test-default)
2021-01-27 13:30:01.632  INFO 16204 --- [    Test worker] c.etnetera.hr.JavaScriptFrameworkTests   : No active profile set, falling back to default profiles: default
2021-01-27 13:30:02.380  INFO 16204 --- [    Test worker] .s.d.r.c.RepositoryConfigurationDelegate : Bootstrapping Spring Data repositories in DEFAULT mode.
2021-01-27 13:30:02.443  INFO 16204 --- [    Test worker] .s.d.r.c.RepositoryConfigurationDelegate : Finished Spring Data repository scanning in 49ms. Found 1 repository interfaces.
2021-01-27 13:30:02.798  INFO 16204 --- [    Test worker] trationDelegate$BeanPostProcessorChecker : Bean 'org.springframework.transaction.annotation.ProxyTransactionManagementConfiguration' of type [org.springframework.transaction.annotation.ProxyTransactionManagementConfiguration$$EnhancerBySpringCGLIB$$2321920d] is not eligible for getting processed by all BeanPostProcessors (for example: not eligible for auto-proxying)
2021-01-27 13:30:02.983  INFO 16204 --- [    Test worker] com.zaxxer.hikari.HikariDataSource       : HikariPool-1 - Starting...
2021-01-27 13:30:03.136  INFO 16204 --- [    Test worker] com.zaxxer.hikari.HikariDataSource       : HikariPool-1 - Start completed.
2021-01-27 13:30:03.220  INFO 16204 --- [    Test worker] o.hibernate.jpa.internal.util.LogHelper  : HHH000204: Processing PersistenceUnitInfo [
	name: default
	...]
2021-01-27 13:30:03.312  INFO 16204 --- [    Test worker] org.hibernate.Version                    : HHH000412: Hibernate Core {5.3.10.Final}
2021-01-27 13:30:03.314  INFO 16204 --- [    Test worker] org.hibernate.cfg.Environment            : HHH000206: hibernate.properties not found
2021-01-27 13:30:03.468  INFO 16204 --- [    Test worker] o.hibernate.annotations.common.Version   : HCANN000001: Hibernate Commons Annotations {5.0.4.Final}
2021-01-27 13:30:03.608  INFO 16204 --- [    Test worker] org.hibernate.dialect.Dialect            : HHH000400: Using dialect: org.hibernate.dialect.H2Dialect
2021-01-27 13:30:04.182  INFO 16204 --- [    Test worker] o.h.t.schema.internal.SchemaCreatorImpl  : HHH000476: Executing import script 'org.hibernate.tool.schema.internal.exec.ScriptSourceInputNonExistentImpl@1e3a0c02'
2021-01-27 13:30:04.184  INFO 16204 --- [    Test worker] j.LocalContainerEntityManagerFactoryBean : Initialized JPA EntityManagerFactory for persistence unit 'default'
2021-01-27 13:30:05.028  INFO 16204 --- [    Test worker] o.s.s.concurrent.ThreadPoolTaskExecutor  : Initializing ExecutorService 'applicationTaskExecutor'
2021-01-27 13:30:05.088  WARN 16204 --- [    Test worker] aWebConfiguration$JpaWebMvcConfiguration : spring.jpa.open-in-view is enabled by default. Therefore, database queries may be performed during view rendering. Explicitly configure spring.jpa.open-in-view to disable this warning
2021-01-27 13:30:05.403  INFO 16204 --- [    Test worker] o.s.b.t.m.w.SpringBootMockServletContext : Initializing Spring TestDispatcherServlet ''
2021-01-27 13:30:05.403  INFO 16204 --- [    Test worker] o.s.t.web.servlet.TestDispatcherServlet  : Initializing Servlet ''
2021-01-27 13:30:05.415  INFO 16204 --- [    Test worker] o.s.t.web.servlet.TestDispatcherServlet  : Completed initialization in 12 ms
2021-01-27 13:30:05.435  INFO 16204 --- [    Test worker] c.etnetera.hr.JavaScriptFrameworkTests   : Started JavaScriptFrameworkTests in 4.073 seconds (JVM running for 5.163)
]]></system-out>
  <system-err><![CDATA[]]></system-err>
</testsuite>
